<?xml version="1.0" encoding="UTF-8"?>
<!-- Generated by org.testng.reporters.JUnitReportReporter -->
<testsuite hostname="LAPTOP-HDDAT72K" failures="0" tests="3" name="com.testng.TestNGFeatures" time="0.015" errors="0" timestamp="15 Jan 2022 20:24:36 GMT" skipped="0">
  <testcase classname="com.testng.TestNGFeatures" name="SearchPage" time="0.003"/>
  <testcase classname="com.testng.TestNGFeatures" name="HomePageTest" time="0.003"/>
  <testcase classname="com.testng.TestNGFeatures" name="LoginTest" time="0.009"/>
</testsuite> <!-- com.testng.TestNGFeatures -->
