<?xml version="1.0" encoding="UTF-8"?>
<!-- Generated by org.testng.reporters.JUnitReportReporter -->
<testsuite hostname="LAPTOP-HDDAT72K" failures="0" tests="5" name="com.testng.GoogleTest" time="52.448" errors="0" timestamp="15 Jan 2022 20:24:36 GMT" skipped="0">
  <testcase classname="com.testng.GoogleTest" name="googleTittleTest" time="12.294"/>
  <testcase classname="com.testng.GoogleTest" name="googleImageTest" time="9.882"/>
  <testcase classname="com.testng.GoogleTest" name="gmailLinkIsVisible" time="9.407"/>
  <testcase classname="com.testng.GoogleTest" name="test1" time="7.953"/>
  <testcase classname="com.testng.GoogleTest" name="test2" time="12.912"/>
</testsuite> <!-- com.testng.GoogleTest -->
