<?xml version="1.0" encoding="UTF-8"?>
<!-- Generated by org.testng.reporters.JUnitReportReporter -->
<testsuite hostname="LAPTOP-HDDAT72K" failures="0" tests="3" name="com.testng.TestNGBasics" time="0.019" errors="0" timestamp="15 Jan 2022 20:24:36 GMT" skipped="0">
  <testcase classname="com.testng.TestNGBasics" name="GetGoogleLogo" time="0.008"/>
  <testcase classname="com.testng.TestNGBasics" name="GetGoogleText" time="0.005"/>
  <testcase classname="com.testng.TestNGBasics" name="GetGoogleTittleText" time="0.006"/>
</testsuite> <!-- com.testng.TestNGBasics -->
