<?xml version="1.0" encoding="UTF-8"?>
<!-- Generated by org.testng.reporters.JUnitReportReporter -->
<testsuite hostname="LAPTOP-HDDAT72K" failures="0" tests="1" name="database.ConnectMySQL" time="0.293" errors="0" timestamp="2022-04-11T19:50:51 IST" skipped="0">
  <testcase classname="database.ConnectMySQL" name="testDB" time="0.293"/>
  <system-out/>
</testsuite> <!-- database.ConnectMySQL -->
